----- 03.12.2024 21:37:36 -----
Average keypress intervals in seconds within 15 minutes: 0.00s
Average keypresses within 15 minutes: 0.00
Average ENTER presses within 15 minutes: 0.00
Average BACKSPACE presses within 15 minutes: 0.00
Average mouse clicks within 15 minutes: 1.00
Average left mouse clicks within 15 minutes: 1.00
Average right mouse clicks within 15 minutes: 0.00
Difference between left and right clicks within 15 minutes: 1.00
-------------------
----- 03.12.2024 21:38:06 -----
Average keypress intervals in seconds within 15 minutes: 0.00s
Average keypresses within 15 minutes: 10.00
Average ENTER presses within 15 minutes: 0.00
Average BACKSPACE presses within 15 minutes: 10.00
Average mouse clicks within 15 minutes: 5.00
Average left mouse clicks within 15 minutes: 5.00
Average right mouse clicks within 15 minutes: 0.00
Difference between left and right clicks within 15 minutes: 5.00
-------------------
----- 03.12.2024 21:38:36 -----
Average keypress intervals in seconds within 15 minutes: 0.00s
Average keypresses within 15 minutes: 10.00
Average ENTER presses within 15 minutes: 0.00
Average BACKSPACE presses within 15 minutes: 10.00
Average mouse clicks within 15 minutes: 5.00
Average left mouse clicks within 15 minutes: 5.00
Average right mouse clicks within 15 minutes: 0.00
Difference between left and right clicks within 15 minutes: 5.00
-------------------
